2019-08-27 14:44:22 - PHP Notice:  Undefined variable: back in E:\xampp\htdocs\goa\system\library\template\html.php(25) : eval()'d code on line 62
2019-08-27 14:48:36 - PHP Notice: Undefined variable: delete in E:\xampp\htdocs\goa\system\library\template\html.php(25) : eval()'d code on line 76
2019-08-27 15:01:53 - PHP Notice: Undefined variable: delete in E:\xampp\htdocs\goa\system\library\template\html.php(25) : eval()'d code on line 76
2019-08-27 15:16:59 - PHP Notice: Undefined variable: heading_title in E:\xampp\htdocs\goa\system\library\template\html.php(25) : eval()'d code on line 86
2019-08-27 15:16:59 - PHP Notice: Undefined variable: text_welcome in E:\xampp\htdocs\goa\system\library\template\html.php(25) : eval()'d code on line 110
2019-08-27 15:16:59 - PHP Notice: Undefined variable: text_setting in E:\xampp\htdocs\goa\system\library\template\html.php(25) : eval()'d code on line 120
2019-08-27 15:16:59 - PHP Notice: Undefined variable: text_profile in E:\xampp\htdocs\goa\system\library\template\html.php(25) : eval()'d code on line 123
2019-08-27 15:16:59 - PHP Notice: Undefined variable: text_logout in E:\xampp\htdocs\goa\system\library\template\html.php(25) : eval()'d code on line 128
2019-08-27 15:16:59 - PHP Notice: Undefined variable: heading_title in E:\xampp\htdocs\goa\system\library\template\html.php(25) : eval()'d code on line 39
2019-08-27 15:16:59 - PHP Notice: Undefined variable: text_title in E:\xampp\htdocs\goa\system\library\template\html.php(25) : eval()'d code on line 42
2019-08-27 15:16:59 - PHP Notice: Undefined variable: button_add in E:\xampp\htdocs\goa\system\library\template\html.php(25) : eval()'d code on line 66
2019-08-27 15:16:59 - PHP Notice: Undefined variable: button_delete in E:\xampp\htdocs\goa\system\library\template\html.php(25) : eval()'d code on line 68
2019-08-27 15:16:59 - PHP Notice: Undefined variable: text_confirm in E:\xampp\htdocs\goa\system\library\template\html.php(25) : eval()'d code on line 70
2019-08-27 15:16:59 - PHP Notice: Undefined variable: text_title in E:\xampp\htdocs\goa\system\library\template\html.php(25) : eval()'d code on line 74
2019-08-27 15:16:59 - PHP Notice: Undefined variable: column_name in E:\xampp\htdocs\goa\system\library\template\html.php(25) : eval()'d code on line 91
2019-08-27 15:16:59 - PHP Notice: Undefined variable: column_action in E:\xampp\htdocs\goa\system\library\template\html.php(25) : eval()'d code on line 92
2019-08-27 15:16:59 - PHP Notice: Undefined variable: button_edit in E:\xampp\htdocs\goa\system\library\template\html.php(25) : eval()'d code on line 118
2019-08-27 15:16:59 - PHP Notice: Undefined variable: button_edit in E:\xampp\htdocs\goa\system\library\template\html.php(25) : eval()'d code on line 136
2019-08-27 15:16:59 - PHP Notice: Undefined variable: edit in E:\xampp\htdocs\goa\system\library\template\html.php(25) : eval()'d code on line 209
2019-08-27 15:16:59 - PHP Notice: Undefined variable: button_edit in E:\xampp\htdocs\goa\system\library\template\html.php(25) : eval()'d code on line 211
2019-08-27 15:17:24 - PHP Notice: Undefined variable: heading_title in E:\xampp\htdocs\goa\system\library\template\html.php(25) : eval()'d code on line 86
2019-08-27 15:17:24 - PHP Notice: Undefined variable: text_welcome in E:\xampp\htdocs\goa\system\library\template\html.php(25) : eval()'d code on line 110
2019-08-27 15:17:24 - PHP Notice: Undefined variable: text_setting in E:\xampp\htdocs\goa\system\library\template\html.php(25) : eval()'d code on line 120
2019-08-27 15:17:24 - PHP Notice: Undefined variable: text_profile in E:\xampp\htdocs\goa\system\library\template\html.php(25) : eval()'d code on line 123
2019-08-27 15:17:24 - PHP Notice: Undefined variable: text_logout in E:\xampp\htdocs\goa\system\library\template\html.php(25) : eval()'d code on line 128
2019-08-27 15:17:24 - PHP Notice: Undefined variable: heading_title in E:\xampp\htdocs\goa\system\library\template\html.php(25) : eval()'d code on line 39
2019-08-27 15:17:24 - PHP Notice: Undefined variable: button_save in E:\xampp\htdocs\goa\system\library\template\html.php(25) : eval()'d code on line 47
2019-08-27 15:17:24 - PHP Notice: Undefined variable: button_cancel in E:\xampp\htdocs\goa\system\library\template\html.php(25) : eval()'d code on line 50
2019-08-27 15:17:24 - PHP Notice: Undefined variable: entry_name in E:\xampp\htdocs\goa\system\library\template\html.php(25) : eval()'d code on line 75
2019-08-27 15:17:24 - PHP Notice: Undefined variable: entry_name in E:\xampp\htdocs\goa\system\library\template\html.php(25) : eval()'d code on line 79
2019-08-27 15:17:24 - PHP Notice: Undefined variable: entry_description in E:\xampp\htdocs\goa\system\library\template\html.php(25) : eval()'d code on line 89
2019-08-27 15:17:24 - PHP Notice: Undefined variable: entry_description in E:\xampp\htdocs\goa\system\library\template\html.php(25) : eval()'d code on line 93
2019-08-27 15:17:24 - PHP Notice: Undefined variable: entry_access in E:\xampp\htdocs\goa\system\library\template\html.php(25) : eval()'d code on line 100
2019-08-27 15:17:24 - PHP Notice: Undefined variable: text_select_all in E:\xampp\htdocs\goa\system\library\template\html.php(25) : eval()'d code on line 121
2019-08-27 15:17:24 - PHP Notice: Undefined variable: text_unselect_all in E:\xampp\htdocs\goa\system\library\template\html.php(25) : eval()'d code on line 124
2019-08-27 15:17:24 - PHP Notice: Undefined variable: entry_modify in E:\xampp\htdocs\goa\system\library\template\html.php(25) : eval()'d code on line 129
2019-08-27 15:17:24 - PHP Notice: Undefined variable: text_select_all in E:\xampp\htdocs\goa\system\library\template\html.php(25) : eval()'d code on line 150
2019-08-27 15:17:24 - PHP Notice: Undefined variable: text_unselect_all in E:\xampp\htdocs\goa\system\library\template\html.php(25) : eval()'d code on line 153
2019-08-27 15:17:24 - PHP Notice: Undefined variable: entry_delete in E:\xampp\htdocs\goa\system\library\template\html.php(25) : eval()'d code on line 158
2019-08-27 15:17:24 - PHP Notice: Undefined variable: text_select_all in E:\xampp\htdocs\goa\system\library\template\html.php(25) : eval()'d code on line 179
2019-08-27 15:17:24 - PHP Notice: Undefined variable: text_unselect_all in E:\xampp\htdocs\goa\system\library\template\html.php(25) : eval()'d code on line 182
2019-08-27 15:17:37 - PHP Notice: Undefined variable: heading_title in E:\xampp\htdocs\goa\system\library\template\html.php(25) : eval()'d code on line 86
2019-08-27 15:17:37 - PHP Notice: Undefined variable: text_welcome in E:\xampp\htdocs\goa\system\library\template\html.php(25) : eval()'d code on line 110
2019-08-27 15:17:37 - PHP Notice: Undefined variable: text_setting in E:\xampp\htdocs\goa\system\library\template\html.php(25) : eval()'d code on line 120
2019-08-27 15:17:37 - PHP Notice: Undefined variable: text_profile in E:\xampp\htdocs\goa\system\library\template\html.php(25) : eval()'d code on line 123
2019-08-27 15:17:37 - PHP Notice: Undefined variable: text_logout in E:\xampp\htdocs\goa\system\library\template\html.php(25) : eval()'d code on line 128
2019-08-27 15:17:37 - PHP Notice: Undefined variable: heading_title in E:\xampp\htdocs\goa\system\library\template\html.php(25) : eval()'d code on line 39
2019-08-27 15:17:37 - PHP Notice: Undefined variable: text_title in E:\xampp\htdocs\goa\system\library\template\html.php(25) : eval()'d code on line 42
2019-08-27 15:17:37 - PHP Notice: Undefined variable: button_add in E:\xampp\htdocs\goa\system\library\template\html.php(25) : eval()'d code on line 66
2019-08-27 15:17:37 - PHP Notice: Undefined variable: button_delete in E:\xampp\htdocs\goa\system\library\template\html.php(25) : eval()'d code on line 68
2019-08-27 15:17:37 - PHP Notice: Undefined variable: text_confirm in E:\xampp\htdocs\goa\system\library\template\html.php(25) : eval()'d code on line 70
2019-08-27 15:17:37 - PHP Notice: Undefined variable: text_title in E:\xampp\htdocs\goa\system\library\template\html.php(25) : eval()'d code on line 74
2019-08-27 15:17:37 - PHP Notice: Undefined variable: column_name in E:\xampp\htdocs\goa\system\library\template\html.php(25) : eval()'d code on line 91
2019-08-27 15:17:37 - PHP Notice: Undefined variable: column_action in E:\xampp\htdocs\goa\system\library\template\html.php(25) : eval()'d code on line 92
2019-08-27 15:17:37 - PHP Notice: Undefined variable: button_edit in E:\xampp\htdocs\goa\system\library\template\html.php(25) : eval()'d code on line 118
2019-08-27 15:17:37 - PHP Notice: Undefined variable: button_edit in E:\xampp\htdocs\goa\system\library\template\html.php(25) : eval()'d code on line 136
2019-08-27 15:17:37 - PHP Notice: Undefined variable: edit in E:\xampp\htdocs\goa\system\library\template\html.php(25) : eval()'d code on line 209
2019-08-27 15:17:37 - PHP Notice: Undefined variable: button_edit in E:\xampp\htdocs\goa\system\library\template\html.php(25) : eval()'d code on line 211
2019-08-27 15:17:42 - PHP Notice: Undefined index: user_token in E:\xampp\htdocs\goa\admin\controller\event\event.php on line 98
2019-08-27 15:17:42 - PHP Notice: Undefined index: user_token in E:\xampp\htdocs\goa\admin\controller\event\event.php on line 103
2019-08-27 15:17:42 - PHP Notice: Undefined index: user_token in E:\xampp\htdocs\goa\admin\controller\event\event.php on line 106
2019-08-27 15:17:42 - PHP Notice: Undefined index: user_token in E:\xampp\htdocs\goa\admin\controller\event\event.php on line 107
2019-08-27 15:17:42 - PHP Notice: Undefined variable: heading_title in E:\xampp\htdocs\goa\system\library\template\html.php(25) : eval()'d code on line 86
2019-08-27 15:17:42 - PHP Notice: Undefined variable: text_welcome in E:\xampp\htdocs\goa\system\library\template\html.php(25) : eval()'d code on line 110
2019-08-27 15:17:42 - PHP Notice: Undefined variable: text_setting in E:\xampp\htdocs\goa\system\library\template\html.php(25) : eval()'d code on line 120
2019-08-27 15:17:42 - PHP Notice: Undefined variable: text_profile in E:\xampp\htdocs\goa\system\library\template\html.php(25) : eval()'d code on line 123
2019-08-27 15:17:42 - PHP Notice: Undefined variable: text_logout in E:\xampp\htdocs\goa\system\library\template\html.php(25) : eval()'d code on line 128
2019-08-27 15:17:42 - PHP Notice: Undefined variable: heading_title in E:\xampp\htdocs\goa\system\library\template\html.php(25) : eval()'d code on line 38
2019-08-27 15:17:42 - PHP Notice: Undefined variable: text_title in E:\xampp\htdocs\goa\system\library\template\html.php(25) : eval()'d code on line 41
2019-08-27 15:17:42 - PHP Notice: Undefined variable: button_add in E:\xampp\htdocs\goa\system\library\template\html.php(25) : eval()'d code on line 63
2019-08-27 15:17:42 - PHP Notice: Undefined variable: button_delete in E:\xampp\htdocs\goa\system\library\template\html.php(25) : eval()'d code on line 64
2019-08-27 15:17:42 - PHP Notice: Undefined variable: text_confirm in E:\xampp\htdocs\goa\system\library\template\html.php(25) : eval()'d code on line 64
2019-08-27 15:17:42 - PHP Notice: Undefined variable: text_title in E:\xampp\htdocs\goa\system\library\template\html.php(25) : eval()'d code on line 67
2019-08-27 15:17:42 - PHP Notice: Undefined variable: column_name in E:\xampp\htdocs\goa\system\library\template\html.php(25) : eval()'d code on line 83
2019-08-27 15:17:42 - PHP Notice: Undefined variable: column_email in E:\xampp\htdocs\goa\system\library\template\html.php(25) : eval()'d code on line 84
2019-08-27 15:17:42 - PHP Notice: Undefined variable: column_group in E:\xampp\htdocs\goa\system\library\template\html.php(25) : eval()'d code on line 85
2019-08-27 15:17:42 - PHP Notice: Undefined variable: column_telephone in E:\xampp\htdocs\goa\system\library\template\html.php(25) : eval()'d code on line 86
2019-08-27 15:17:42 - PHP Notice: Undefined variable: column_fax in E:\xampp\htdocs\goa\system\library\template\html.php(25) : eval()'d code on line 87
2019-08-27 15:17:42 - PHP Notice: Undefined variable: column_date_added in E:\xampp\htdocs\goa\system\library\template\html.php(25) : eval()'d code on line 88
2019-08-27 15:17:42 - PHP Notice: Undefined variable: column_action in E:\xampp\htdocs\goa\system\library\template\html.php(25) : eval()'d code on line 90
2019-08-27 15:17:42 - PHP Notice: Undefined variable: edit in E:\xampp\htdocs\goa\system\library\template\html.php(25) : eval()'d code on line 151
2019-08-27 15:17:42 - PHP Notice: Undefined variable: button_edit in E:\xampp\htdocs\goa\system\library\template\html.php(25) : eval()'d code on line 151
2019-08-27 15:17:44 - PHP Notice: Undefined index: user_token in E:\xampp\htdocs\goa\admin\controller\common\footer.php on line 11
2019-08-27 15:17:44 - PHP Notice: Undefined variable: text_footer in E:\xampp\htdocs\goa\system\library\template\html.php(25) : eval()'d code on line 6
2019-08-27 15:17:44 - PHP Notice: Undefined variable: version in E:\xampp\htdocs\goa\system\library\template\html.php(25) : eval()'d code on line 7
2019-08-27 15:17:44 - PHP Notice: Undefined variable: text_heading in E:\xampp\htdocs\goa\system\library\template\html.php(25) : eval()'d code on line 11
2019-08-27 15:17:44 - PHP Notice: Undefined variable: text_company in E:\xampp\htdocs\goa\system\library\template\html.php(25) : eval()'d code on line 13
2019-08-27 15:17:44 - PHP Notice: Undefined variable: text_login in E:\xampp\htdocs\goa\system\library\template\html.php(25) : eval()'d code on line 24
2019-08-27 15:17:44 - PHP Notice: Undefined variable: warning_err in E:\xampp\htdocs\goa\system\library\template\html.php(25) : eval()'d code on line 35
2019-08-27 15:17:44 - PHP Notice: Undefined variable: entry_email in E:\xampp\htdocs\goa\system\library\template\html.php(25) : eval()'d code on line 45
2019-08-27 15:17:44 - PHP Notice: Undefined variable: entry_password in E:\xampp\htdocs\goa\system\library\template\html.php(25) : eval()'d code on line 52
2019-08-27 15:17:44 - PHP Notice: Undefined variable: button_login in E:\xampp\htdocs\goa\system\library\template\html.php(25) : eval()'d code on line 62
2019-08-27 15:17:44 - PHP Notice: Undefined variable: text_forgotten in E:\xampp\htdocs\goa\system\library\template\html.php(25) : eval()'d code on line 74
2019-08-27 15:17:47 - PHP Notice: Undefined variable: heading_title in E:\xampp\htdocs\goa\system\library\template\html.php(25) : eval()'d code on line 86
2019-08-27 15:17:47 - PHP Notice: Undefined variable: text_welcome in E:\xampp\htdocs\goa\system\library\template\html.php(25) : eval()'d code on line 110
2019-08-27 15:17:47 - PHP Notice: Undefined variable: text_setting in E:\xampp\htdocs\goa\system\library\template\html.php(25) : eval()'d code on line 120
2019-08-27 15:17:47 - PHP Notice: Undefined variable: text_profile in E:\xampp\htdocs\goa\system\library\template\html.php(25) : eval()'d code on line 123
2019-08-27 15:17:47 - PHP Notice: Undefined variable: text_logout in E:\xampp\htdocs\goa\system\library\template\html.php(25) : eval()'d code on line 128
2019-08-27 15:17:47 - PHP Notice: Undefined variable: heading_title in E:\xampp\htdocs\goa\system\library\template\html.php(25) : eval()'d code on line 29
2019-08-27 15:17:47 - PHP Notice: Undefined variable: text_title in E:\xampp\htdocs\goa\system\library\template\html.php(25) : eval()'d code on line 30
2019-08-27 15:17:47 - PHP Notice: Undefined variable: text_website in E:\xampp\htdocs\goa\system\library\template\html.php(25) : eval()'d code on line 56
2019-08-27 15:17:47 - PHP Notice: Undefined variable: text_ecommerce in E:\xampp\htdocs\goa\system\library\template\html.php(25) : eval()'d code on line 67
2019-08-27 15:17:47 - PHP Notice: Undefined variable: text_software in E:\xampp\htdocs\goa\system\library\template\html.php(25) : eval()'d code on line 78
2019-08-27 15:17:47 - PHP Notice: Undefined variable: text_client in E:\xampp\htdocs\goa\system\library\template\html.php(25) : eval()'d code on line 89
2019-08-27 15:17:47 - PHP Notice: Undefined variable: text_service in E:\xampp\htdocs\goa\system\library\template\html.php(25) : eval()'d code on line 147
2019-08-27 15:17:47 - PHP Notice: Undefined variable: text_visitor in E:\xampp\htdocs\goa\system\library\template\html.php(25) : eval()'d code on line 171
2019-08-27 15:17:47 - PHP Notice: Undefined variable: text_total_visitor in E:\xampp\htdocs\goa\system\library\template\html.php(25) : eval()'d code on line 243
2019-08-27 15:17:47 - PHP Notice: Undefined variable: text_visitor_current_week in E:\xampp\htdocs\goa\system\library\template\html.php(25) : eval()'d code on line 252
2019-08-27 15:17:47 - PHP Notice: Undefined variable: text_visitor_last_week in E:\xampp\htdocs\goa\system\library\template\html.php(25) : eval()'d code on line 262
2019-08-27 15:17:47 - PHP Notice: Undefined variable: text_enquiry in E:\xampp\htdocs\goa\system\library\template\html.php(25) : eval()'d code on line 283
2019-08-27 15:17:47 - PHP Notice: Undefined variable: column_name in E:\xampp\htdocs\goa\system\library\template\html.php(25) : eval()'d code on line 300
2019-08-27 15:17:47 - PHP Notice: Undefined variable: column_email in E:\xampp\htdocs\goa\system\library\template\html.php(25) : eval()'d code on line 305
2019-08-27 15:17:47 - PHP Notice: Undefined variable: column_date in E:\xampp\htdocs\goa\system\library\template\html.php(25) : eval()'d code on line 310
2019-08-27 15:17:47 - PHP Notice: Undefined variable: column_status in E:\xampp\htdocs\goa\system\library\template\html.php(25) : eval()'d code on line 314
2019-08-27 15:17:47 - PHP Notice: Undefined variable: text_testimonial in E:\xampp\htdocs\goa\system\library\template\html.php(25) : eval()'d code on line 374
2019-08-27 15:17:47 - PHP Notice: Undefined variable: text_visitor_current_week in E:\xampp\htdocs\goa\system\library\template\html.php(25) : eval()'d code on line 477
2019-08-27 15:17:47 - PHP Notice: Undefined variable: text_visitor_last_week in E:\xampp\htdocs\goa\system\library\template\html.php(25) : eval()'d code on line 482
2019-08-27 15:35:09 - PHP Notice: Undefined variable: heading_title in E:\xampp\htdocs\goa\system\library\template\html.php(25) : eval()'d code on line 86
2019-08-27 15:35:09 - PHP Notice: Undefined variable: text_welcome in E:\xampp\htdocs\goa\system\library\template\html.php(25) : eval()'d code on line 110
2019-08-27 15:35:09 - PHP Notice: Undefined variable: text_setting in E:\xampp\htdocs\goa\system\library\template\html.php(25) : eval()'d code on line 120
2019-08-27 15:35:09 - PHP Notice: Undefined variable: text_profile in E:\xampp\htdocs\goa\system\library\template\html.php(25) : eval()'d code on line 123
2019-08-27 15:35:09 - PHP Notice: Undefined variable: text_logout in E:\xampp\htdocs\goa\system\library\template\html.php(25) : eval()'d code on line 128
2019-08-27 15:35:09 - PHP Notice: Undefined variable: heading_title in E:\xampp\htdocs\goa\system\library\template\html.php(25) : eval()'d code on line 39
2019-08-27 15:35:09 - PHP Notice: Undefined variable: text_title in E:\xampp\htdocs\goa\system\library\template\html.php(25) : eval()'d code on line 42
2019-08-27 15:35:09 - PHP Notice: Undefined variable: button_add in E:\xampp\htdocs\goa\system\library\template\html.php(25) : eval()'d code on line 66
2019-08-27 15:35:09 - PHP Notice: Undefined variable: button_delete in E:\xampp\htdocs\goa\system\library\template\html.php(25) : eval()'d code on line 68
2019-08-27 15:35:09 - PHP Notice: Undefined variable: text_confirm in E:\xampp\htdocs\goa\system\library\template\html.php(25) : eval()'d code on line 70
2019-08-27 15:35:09 - PHP Notice: Undefined variable: text_title in E:\xampp\htdocs\goa\system\library\template\html.php(25) : eval()'d code on line 74
2019-08-27 15:35:09 - PHP Notice: Undefined variable: column_name in E:\xampp\htdocs\goa\system\library\template\html.php(25) : eval()'d code on line 91
2019-08-27 15:35:09 - PHP Notice: Undefined variable: column_status in E:\xampp\htdocs\goa\system\library\template\html.php(25) : eval()'d code on line 92
2019-08-27 15:35:09 - PHP Notice: Undefined variable: column_action in E:\xampp\htdocs\goa\system\library\template\html.php(25) : eval()'d code on line 93
2019-08-27 15:35:09 - PHP Notice: Undefined variable: button_edit in E:\xampp\htdocs\goa\system\library\template\html.php(25) : eval()'d code on line 121
2019-08-27 15:35:09 - PHP Notice: Undefined variable: button_edit in E:\xampp\htdocs\goa\system\library\template\html.php(25) : eval()'d code on line 139
2019-08-27 15:35:09 - PHP Notice: Undefined variable: button_edit in E:\xampp\htdocs\goa\system\library\template\html.php(25) : eval()'d code on line 121
2019-08-27 15:35:09 - PHP Notice: Undefined variable: button_edit in E:\xampp\htdocs\goa\system\library\template\html.php(25) : eval()'d code on line 139
2019-08-27 15:35:09 - PHP Notice: Undefined variable: button_edit in E:\xampp\htdocs\goa\system\library\template\html.php(25) : eval()'d code on line 121
2019-08-27 15:35:09 - PHP Notice: Undefined variable: button_edit in E:\xampp\htdocs\goa\system\library\template\html.php(25) : eval()'d code on line 139
2019-08-27 15:35:09 - PHP Notice: Undefined variable: button_edit in E:\xampp\htdocs\goa\system\library\template\html.php(25) : eval()'d code on line 121
2019-08-27 15:35:09 - PHP Notice: Undefined variable: button_edit in E:\xampp\htdocs\goa\system\library\template\html.php(25) : eval()'d code on line 139
2019-08-27 15:39:45 - PHP Notice: Undefined index: user_token in E:\xampp\htdocs\goa\admin\controller\event\event.php on line 98
2019-08-27 15:39:45 - PHP Notice: Undefined index: user_token in E:\xampp\htdocs\goa\admin\controller\event\event.php on line 103
2019-08-27 15:39:45 - PHP Notice: Undefined index: user_token in E:\xampp\htdocs\goa\admin\controller\event\event.php on line 106
2019-08-27 15:39:45 - PHP Notice: Undefined index: user_token in E:\xampp\htdocs\goa\admin\controller\event\event.php on line 107
2019-08-27 15:39:45 - PHP Notice: Undefined variable: column_name in E:\xampp\htdocs\goa\system\library\template\html.php(25) : eval()'d code on line 83
2019-08-27 15:39:45 - PHP Notice: Undefined variable: column_email in E:\xampp\htdocs\goa\system\library\template\html.php(25) : eval()'d code on line 84
2019-08-27 15:39:45 - PHP Notice: Undefined variable: column_group in E:\xampp\htdocs\goa\system\library\template\html.php(25) : eval()'d code on line 85
2019-08-27 15:39:45 - PHP Notice: Undefined variable: column_telephone in E:\xampp\htdocs\goa\system\library\template\html.php(25) : eval()'d code on line 86
2019-08-27 15:39:45 - PHP Notice: Undefined variable: column_fax in E:\xampp\htdocs\goa\system\library\template\html.php(25) : eval()'d code on line 87
2019-08-27 15:39:45 - PHP Notice: Undefined variable: column_date_added in E:\xampp\htdocs\goa\system\library\template\html.php(25) : eval()'d code on line 88
2019-08-27 15:39:45 - PHP Notice: Undefined variable: edit in E:\xampp\htdocs\goa\system\library\template\html.php(25) : eval()'d code on line 151
2019-08-27 15:39:56 - PHP Notice: Undefined index: user_token in E:\xampp\htdocs\goa\admin\controller\project\project.php on line 97
2019-08-27 15:39:56 - PHP Notice: Undefined index: user_token in E:\xampp\htdocs\goa\admin\controller\project\project.php on line 102
2019-08-27 15:39:56 - PHP Notice: Undefined index: user_token in E:\xampp\htdocs\goa\admin\controller\project\project.php on line 105
2019-08-27 15:39:56 - PHP Notice: Undefined index: user_token in E:\xampp\htdocs\goa\admin\controller\project\project.php on line 106
2019-08-27 15:39:56 - PHP Notice: Undefined variable: column_name in E:\xampp\htdocs\goa\system\library\template\html.php(25) : eval()'d code on line 83
2019-08-27 15:39:56 - PHP Notice: Undefined variable: column_email in E:\xampp\htdocs\goa\system\library\template\html.php(25) : eval()'d code on line 84
2019-08-27 15:39:56 - PHP Notice: Undefined variable: column_group in E:\xampp\htdocs\goa\system\library\template\html.php(25) : eval()'d code on line 85
2019-08-27 15:39:56 - PHP Notice: Undefined variable: column_telephone in E:\xampp\htdocs\goa\system\library\template\html.php(25) : eval()'d code on line 86
2019-08-27 15:39:56 - PHP Notice: Undefined variable: column_fax in E:\xampp\htdocs\goa\system\library\template\html.php(25) : eval()'d code on line 87
2019-08-27 15:39:56 - PHP Notice: Undefined variable: column_date_added in E:\xampp\htdocs\goa\system\library\template\html.php(25) : eval()'d code on line 88
2019-08-27 15:39:56 - PHP Notice: Undefined variable: edit in E:\xampp\htdocs\goa\system\library\template\html.php(25) : eval()'d code on line 151
2019-08-27 15:40:17 - PHP Notice: Undefined index: user_token in E:\xampp\htdocs\goa\admin\controller\event\event.php on line 98
2019-08-27 15:40:17 - PHP Notice: Undefined index: user_token in E:\xampp\htdocs\goa\admin\controller\event\event.php on line 103
2019-08-27 15:40:17 - PHP Notice: Undefined index: user_token in E:\xampp\htdocs\goa\admin\controller\event\event.php on line 106
2019-08-27 15:40:17 - PHP Notice: Undefined index: user_token in E:\xampp\htdocs\goa\admin\controller\event\event.php on line 107
2019-08-27 15:40:17 - PHP Notice: Undefined variable: column_name in E:\xampp\htdocs\goa\system\library\template\html.php(25) : eval()'d code on line 83
2019-08-27 15:40:17 - PHP Notice: Undefined variable: column_email in E:\xampp\htdocs\goa\system\library\template\html.php(25) : eval()'d code on line 84
2019-08-27 15:40:17 - PHP Notice: Undefined variable: column_group in E:\xampp\htdocs\goa\system\library\template\html.php(25) : eval()'d code on line 85
2019-08-27 15:40:17 - PHP Notice: Undefined variable: column_telephone in E:\xampp\htdocs\goa\system\library\template\html.php(25) : eval()'d code on line 86
2019-08-27 15:40:17 - PHP Notice: Undefined variable: column_fax in E:\xampp\htdocs\goa\system\library\template\html.php(25) : eval()'d code on line 87
2019-08-27 15:40:17 - PHP Notice: Undefined variable: column_date_added in E:\xampp\htdocs\goa\system\library\template\html.php(25) : eval()'d code on line 88
2019-08-27 15:40:17 - PHP Notice: Undefined variable: edit in E:\xampp\htdocs\goa\system\library\template\html.php(25) : eval()'d code on line 151
2019-08-27 15:40:18 - PHP Notice: Undefined index: user_token in E:\xampp\htdocs\goa\admin\controller\common\footer.php on line 11
2019-08-27 15:40:18 - PHP Notice: Undefined variable: version in E:\xampp\htdocs\goa\system\library\template\html.php(25) : eval()'d code on line 7
2019-08-27 15:40:18 - PHP Notice: Undefined variable: warning_err in E:\xampp\htdocs\goa\system\library\template\html.php(25) : eval()'d code on line 35
2019-08-27 15:44:26 - PHP Notice: Undefined index: user_token in E:\xampp\htdocs\goa\admin\controller\event\event.php on line 98
2019-08-27 15:44:26 - PHP Notice: Undefined index: user_token in E:\xampp\htdocs\goa\admin\controller\event\event.php on line 103
2019-08-27 15:44:26 - PHP Notice: Undefined index: user_token in E:\xampp\htdocs\goa\admin\controller\event\event.php on line 106
2019-08-27 15:44:26 - PHP Notice: Undefined index: user_token in E:\xampp\htdocs\goa\admin\controller\event\event.php on line 107
2019-08-27 15:44:26 - PHP Notice: Undefined variable: edit in E:\xampp\htdocs\goa\system\library\template\html.php(25) : eval()'d code on line 148
2019-08-27 15:44:40 - PHP Notice: Undefined index: user_token in E:\xampp\htdocs\goa\admin\controller\event\event.php on line 98
2019-08-27 15:44:40 - PHP Notice: Undefined index: user_token in E:\xampp\htdocs\goa\admin\controller\event\event.php on line 103
2019-08-27 15:44:40 - PHP Notice: Undefined index: user_token in E:\xampp\htdocs\goa\admin\controller\event\event.php on line 106
2019-08-27 15:44:40 - PHP Notice: Undefined index: user_token in E:\xampp\htdocs\goa\admin\controller\event\event.php on line 107
2019-08-27 15:44:40 - PHP Notice: Undefined variable: edit in E:\xampp\htdocs\goa\system\library\template\html.php(25) : eval()'d code on line 148
2019-08-27 15:46:12 - PHP Notice: Undefined variable: edit in E:\xampp\htdocs\goa\system\library\template\html.php(25) : eval()'d code on line 148
2019-08-27 15:46:15 - PHP Notice: Undefined variable: edit in E:\xampp\htdocs\goa\system\library\template\html.php(25) : eval()'d code on line 148
2019-08-27 15:46:16 - PHP Notice: Undefined variable: customer_id in E:\xampp\htdocs\goa\system\library\template\html.php(25) : eval()'d code on line 70
2019-08-27 15:46:16 - PHP Notice: Undefined variable: text_account in E:\xampp\htdocs\goa\system\library\template\html.php(25) : eval()'d code on line 79
2019-08-27 15:46:16 - PHP Notice: Undefined variable: entry_group in E:\xampp\htdocs\goa\system\library\template\html.php(25) : eval()'d code on line 81
2019-08-27 15:46:16 - PHP Notice: Undefined variable: customer_groups in E:\xampp\htdocs\goa\system\library\template\html.php(25) : eval()'d code on line 85
2019-08-27 15:46:16 - PHP Warning: Invalid argument supplied for foreach() in E:\xampp\htdocs\goa\system\library\template\html.php(25) : eval()'d code on line 85
2019-08-27 15:46:16 - PHP Notice: Undefined variable: entry_firstname in E:\xampp\htdocs\goa\system\library\template\html.php(25) : eval()'d code on line 99
2019-08-27 15:46:16 - PHP Notice: Undefined variable: entry_firstname in E:\xampp\htdocs\goa\system\library\template\html.php(25) : eval()'d code on line 102
2019-08-27 15:46:16 - PHP Notice: Undefined variable: firstname in E:\xampp\htdocs\goa\system\library\template\html.php(25) : eval()'d code on line 102
2019-08-27 15:46:16 - PHP Notice: Undefined variable: entry_lastname in E:\xampp\htdocs\goa\system\library\template\html.php(25) : eval()'d code on line 112
2019-08-27 15:46:16 - PHP Notice: Undefined variable: entry_lastname in E:\xampp\htdocs\goa\system\library\template\html.php(25) : eval()'d code on line 115
2019-08-27 15:46:16 - PHP Notice: Undefined variable: lastname in E:\xampp\htdocs\goa\system\library\template\html.php(25) : eval()'d code on line 115
2019-08-27 15:46:16 - PHP Notice: Undefined variable: entry_email in E:\xampp\htdocs\goa\system\library\template\html.php(25) : eval()'d code on line 125
2019-08-27 15:46:16 - PHP Notice: Undefined variable: entry_email in E:\xampp\htdocs\goa\system\library\template\html.php(25) : eval()'d code on line 128
2019-08-27 15:46:16 - PHP Notice: Undefined variable: email in E:\xampp\htdocs\goa\system\library\template\html.php(25) : eval()'d code on line 128
2019-08-27 15:46:16 - PHP Notice: Undefined variable: entry_telephone in E:\xampp\htdocs\goa\system\library\template\html.php(25) : eval()'d code on line 138
2019-08-27 15:46:16 - PHP Notice: Undefined variable: entry_telephone in E:\xampp\htdocs\goa\system\library\template\html.php(25) : eval()'d code on line 141
2019-08-27 15:46:16 - PHP Notice: Undefined variable: telephone in E:\xampp\htdocs\goa\system\library\template\html.php(25) : eval()'d code on line 141
2019-08-27 15:46:16 - PHP Notice: Undefined variable: entry_fax in E:\xampp\htdocs\goa\system\library\template\html.php(25) : eval()'d code on line 151
2019-08-27 15:46:16 - PHP Notice: Undefined variable: entry_fax in E:\xampp\htdocs\goa\system\library\template\html.php(25) : eval()'d code on line 154
2019-08-27 15:46:16 - PHP Notice: Undefined variable: fax in E:\xampp\htdocs\goa\system\library\template\html.php(25) : eval()'d code on line 154
2019-08-27 15:46:16 - PHP Notice: Undefined variable: entry_dob in E:\xampp\htdocs\goa\system\library\template\html.php(25) : eval()'d code on line 161
2019-08-27 15:46:16 - PHP Notice: Undefined variable: entry_dob in E:\xampp\htdocs\goa\system\library\template\html.php(25) : eval()'d code on line 165
2019-08-27 15:46:16 - PHP Notice: Undefined variable: birthdate in E:\xampp\htdocs\goa\system\library\template\html.php(25) : eval()'d code on line 165
2019-08-27 15:46:16 - PHP Notice: Undefined variable: entry_ani in E:\xampp\htdocs\goa\system\library\template\html.php(25) : eval()'d code on line 176
2019-08-27 15:46:16 - PHP Notice: Undefined variable: entry_ani in E:\xampp\htdocs\goa\system\library\template\html.php(25) : eval()'d code on line 180
2019-08-27 15:46:16 - PHP Notice: Undefined variable: anniversary in E:\xampp\htdocs\goa\system\library\template\html.php(25) : eval()'d code on line 180
2019-08-27 15:46:16 - PHP Notice: Undefined variable: text_remarks in E:\xampp\htdocs\goa\system\library\template\html.php(25) : eval()'d code on line 190
2019-08-27 15:46:16 - PHP Notice: Undefined variable: entry_user in E:\xampp\htdocs\goa\system\library\template\html.php(25) : eval()'d code on line 192
2019-08-27 15:46:16 - PHP Notice: Undefined variable: entry_user in E:\xampp\htdocs\goa\system\library\template\html.php(25) : eval()'d code on line 195
2019-08-27 15:46:16 - PHP Notice: Undefined variable: user in E:\xampp\htdocs\goa\system\library\template\html.php(25) : eval()'d code on line 195
2019-08-27 15:46:16 - PHP Notice: Undefined variable: user_id in E:\xampp\htdocs\goa\system\library\template\html.php(25) : eval()'d code on line 196
2019-08-27 15:46:16 - PHP Notice: Undefined variable: entry_remarks in E:\xampp\htdocs\goa\system\library\template\html.php(25) : eval()'d code on line 203
2019-08-27 15:46:16 - PHP Notice: Undefined variable: entry_remarks in E:\xampp\htdocs\goa\system\library\template\html.php(25) : eval()'d code on line 206
2019-08-27 15:46:16 - PHP Notice: Undefined variable: remarks in E:\xampp\htdocs\goa\system\library\template\html.php(25) : eval()'d code on line 206
2019-08-27 15:46:16 - PHP Notice: Undefined variable: text_other in E:\xampp\htdocs\goa\system\library\template\html.php(25) : eval()'d code on line 212
2019-08-27 15:46:16 - PHP Notice: Undefined variable: entry_newsletter in E:\xampp\htdocs\goa\system\library\template\html.php(25) : eval()'d code on line 214
2019-08-27 15:46:16 - PHP Notice: Undefined variable: newsletter in E:\xampp\htdocs\goa\system\library\template\html.php(25) : eval()'d code on line 218
2019-08-27 15:46:16 - PHP Notice: Undefined variable: entry_safe in E:\xampp\htdocs\goa\system\library\template\html.php(25) : eval()'d code on line 242
2019-08-27 15:46:16 - PHP Notice: Undefined variable: safe in E:\xampp\htdocs\goa\system\library\template\html.php(25) : eval()'d code on line 246
2019-08-27 15:46:16 - PHP Notice: Undefined variable: addresses in E:\xampp\htdocs\goa\system\library\template\html.php(25) : eval()'d code on line 259
2019-08-27 15:46:16 - PHP Warning: Invalid argument supplied for foreach() in E:\xampp\htdocs\goa\system\library\template\html.php(25) : eval()'d code on line 259
2019-08-27 15:46:16 - PHP Notice: Undefined variable: customer_id in E:\xampp\htdocs\goa\system\library\template\html.php(25) : eval()'d code on line 402
2019-08-27 15:46:16 - PHP Notice: Undefined variable: text_address in E:\xampp\htdocs\goa\system\library\template\html.php(25) : eval()'d code on line 529
2019-08-27 15:46:16 - PHP Notice: Undefined variable: entry_firstname in E:\xampp\htdocs\goa\system\library\template\html.php(25) : eval()'d code on line 533
2019-08-27 15:46:16 - PHP Notice: Undefined variable: entry_firstname in E:\xampp\htdocs\goa\system\library\template\html.php(25) : eval()'d code on line 535
2019-08-27 15:46:16 - PHP Notice: Undefined variable: entry_lastname in E:\xampp\htdocs\goa\system\library\template\html.php(25) : eval()'d code on line 539
2019-08-27 15:46:16 - PHP Notice: Undefined variable: entry_lastname in E:\xampp\htdocs\goa\system\library\template\html.php(25) : eval()'d code on line 541
2019-08-27 15:46:16 - PHP Notice: Undefined variable: entry_company in E:\xampp\htdocs\goa\system\library\template\html.php(25) : eval()'d code on line 545
2019-08-27 15:46:16 - PHP Notice: Undefined variable: entry_company in E:\xampp\htdocs\goa\system\library\template\html.php(25) : eval()'d code on line 547
2019-08-27 15:46:16 - PHP Notice: Undefined variable: entry_address_1 in E:\xampp\htdocs\goa\system\library\template\html.php(25) : eval()'d code on line 551
2019-08-27 15:46:16 - PHP Notice: Undefined variable: entry_address_1 in E:\xampp\htdocs\goa\system\library\template\html.php(25) : eval()'d code on line 553
2019-08-27 15:46:16 - PHP Notice: Undefined variable: entry_address_2 in E:\xampp\htdocs\goa\system\library\template\html.php(25) : eval()'d code on line 557
2019-08-27 15:46:16 - PHP Notice: Undefined variable: entry_address_2 in E:\xampp\htdocs\goa\system\library\template\html.php(25) : eval()'d code on line 559
2019-08-27 15:46:16 - PHP Notice: Undefined variable: entry_city in E:\xampp\htdocs\goa\system\library\template\html.php(25) : eval()'d code on line 563
2019-08-27 15:46:16 - PHP Notice: Undefined variable: entry_city in E:\xampp\htdocs\goa\system\library\template\html.php(25) : eval()'d code on line 565
2019-08-27 15:46:16 - PHP Notice: Undefined variable: entry_postcode in E:\xampp\htdocs\goa\system\library\template\html.php(25) : eval()'d code on line 569
2019-08-27 15:46:16 - PHP Notice: Undefined variable: entry_postcode in E:\xampp\htdocs\goa\system\library\template\html.php(25) : eval()'d code on line 571
2019-08-27 15:46:16 - PHP Notice: Undefined variable: entry_country in E:\xampp\htdocs\goa\system\library\template\html.php(25) : eval()'d code on line 575
2019-08-27 15:46:16 - PHP Notice: Undefined variable: countries in E:\xampp\htdocs\goa\system\library\template\html.php(25) : eval()'d code on line 579
2019-08-27 15:46:16 - PHP Notice: Undefined variable: entry_zone in E:\xampp\htdocs\goa\system\library\template\html.php(25) : eval()'d code on line 588
2019-08-27 15:46:16 - PHP Notice: Undefined variable: entry_default in E:\xampp\htdocs\goa\system\library\template\html.php(25) : eval()'d code on line 594
2019-08-27 15:46:16 - PHP Notice: Undefined variable: customer_id in E:\xampp\htdocs\goa\system\library\template\html.php(25) : eval()'d code on line 709
2019-08-27 15:46:16 - PHP Notice: Undefined variable: customer_id in E:\xampp\htdocs\goa\system\library\template\html.php(25) : eval()'d code on line 715
2019-08-27 15:46:16 - PHP Notice: Undefined variable: customer_id in E:\xampp\htdocs\goa\system\library\template\html.php(25) : eval()'d code on line 735
2019-08-27 15:46:16 - PHP Notice: Undefined variable: customer_id in E:\xampp\htdocs\goa\system\library\template\html.php(25) : eval()'d code on line 755
2019-08-27 15:46:16 - PHP Notice: Undefined variable: customer_id in E:\xampp\htdocs\goa\system\library\template\html.php(25) : eval()'d code on line 761
2019-08-27 15:46:16 - PHP Notice: Undefined variable: customer_id in E:\xampp\htdocs\goa\system\library\template\html.php(25) : eval()'d code on line 781
2019-08-27 15:46:16 - PHP Notice: Undefined variable: customer_id in E:\xampp\htdocs\goa\system\library\template\html.php(25) : eval()'d code on line 799
2019-08-27 15:50:40 - PHP Notice: Undefined variable: language in E:\xampp\htdocs\goa\system\library\template\html.php(25) : eval()'d code on line 75
2019-08-27 15:50:40 - PHP Notice: Undefined variable: address_row in E:\xampp\htdocs\goa\system\library\template\html.php(25) : eval()'d code on line 316
2019-08-27 15:50:40 - PHP Notice: Undefined variable: text_address in E:\xampp\htdocs\goa\system\library\template\html.php(25) : eval()'d code on line 322
2019-08-27 15:50:40 - PHP Notice: Undefined variable: address_row in E:\xampp\htdocs\goa\system\library\template\html.php(25) : eval()'d code on line 322
2019-08-27 15:50:40 - PHP Notice: Undefined variable: entry_firstname in E:\xampp\htdocs\goa\system\library\template\html.php(25) : eval()'d code on line 326
2019-08-27 15:50:40 - PHP Notice: Undefined variable: entry_firstname in E:\xampp\htdocs\goa\system\library\template\html.php(25) : eval()'d code on line 328
2019-08-27 15:50:40 - PHP Notice: Undefined variable: entry_lastname in E:\xampp\htdocs\goa\system\library\template\html.php(25) : eval()'d code on line 332
2019-08-27 15:50:40 - PHP Notice: Undefined variable: entry_lastname in E:\xampp\htdocs\goa\system\library\template\html.php(25) : eval()'d code on line 334
2019-08-27 15:50:40 - PHP Notice: Undefined variable: entry_company in E:\xampp\htdocs\goa\system\library\template\html.php(25) : eval()'d code on line 338
2019-08-27 15:50:40 - PHP Notice: Undefined variable: entry_company in E:\xampp\htdocs\goa\system\library\template\html.php(25) : eval()'d code on line 340
2019-08-27 15:50:40 - PHP Notice: Undefined variable: entry_address_1 in E:\xampp\htdocs\goa\system\library\template\html.php(25) : eval()'d code on line 344
2019-08-27 15:50:40 - PHP Notice: Undefined variable: entry_address_1 in E:\xampp\htdocs\goa\system\library\template\html.php(25) : eval()'d code on line 346
2019-08-27 15:50:40 - PHP Notice: Undefined variable: entry_address_2 in E:\xampp\htdocs\goa\system\library\template\html.php(25) : eval()'d code on line 350
2019-08-27 15:50:40 - PHP Notice: Undefined variable: entry_address_2 in E:\xampp\htdocs\goa\system\library\template\html.php(25) : eval()'d code on line 352
2019-08-27 15:50:40 - PHP Notice: Undefined variable: entry_city in E:\xampp\htdocs\goa\system\library\template\html.php(25) : eval()'d code on line 356
2019-08-27 15:50:40 - PHP Notice: Undefined variable: entry_city in E:\xampp\htdocs\goa\system\library\template\html.php(25) : eval()'d code on line 358
2019-08-27 15:50:40 - PHP Notice: Undefined variable: entry_postcode in E:\xampp\htdocs\goa\system\library\template\html.php(25) : eval()'d code on line 362
2019-08-27 15:50:40 - PHP Notice: Undefined variable: entry_postcode in E:\xampp\htdocs\goa\system\library\template\html.php(25) : eval()'d code on line 364
2019-08-27 15:50:40 - PHP Notice: Undefined variable: entry_country in E:\xampp\htdocs\goa\system\library\template\html.php(25) : eval()'d code on line 368
2019-08-27 15:50:40 - PHP Notice: Undefined variable: countries in E:\xampp\htdocs\goa\system\library\template\html.php(25) : eval()'d code on line 372
2019-08-27 15:50:40 - PHP Notice: Undefined variable: entry_zone in E:\xampp\htdocs\goa\system\library\template\html.php(25) : eval()'d code on line 381
2019-08-27 15:50:40 - PHP Notice: Undefined variable: entry_default in E:\xampp\htdocs\goa\system\library\template\html.php(25) : eval()'d code on line 387
2019-08-27 15:50:40 - PHP Notice: Undefined variable: customer_id in E:\xampp\htdocs\goa\system\library\template\html.php(25) : eval()'d code on line 502
2019-08-27 15:50:40 - PHP Notice: Undefined variable: customer_id in E:\xampp\htdocs\goa\system\library\template\html.php(25) : eval()'d code on line 508
2019-08-27 15:50:40 - PHP Notice: Undefined variable: customer_id in E:\xampp\htdocs\goa\system\library\template\html.php(25) : eval()'d code on line 528
2019-08-27 15:50:40 - PHP Notice: Undefined variable: customer_id in E:\xampp\htdocs\goa\system\library\template\html.php(25) : eval()'d code on line 548
2019-08-27 15:50:40 - PHP Notice: Undefined variable: customer_id in E:\xampp\htdocs\goa\system\library\template\html.php(25) : eval()'d code on line 554
2019-08-27 15:50:40 - PHP Notice: Undefined variable: customer_id in E:\xampp\htdocs\goa\system\library\template\html.php(25) : eval()'d code on line 574
2019-08-27 15:50:40 - PHP Notice: Undefined variable: customer_id in E:\xampp\htdocs\goa\system\library\template\html.php(25) : eval()'d code on line 592
2019-08-27 15:51:42 - PHP Notice: Undefined variable: language in E:\xampp\htdocs\goa\system\library\template\html.php(25) : eval()'d code on line 75
2019-08-27 15:53:26 - PHP Notice: Undefined variable: language in E:\xampp\htdocs\goa\system\library\template\html.php(25) : eval()'d code on line 75
2019-08-27 15:53:44 - PHP Notice: Undefined variable: edit in E:\xampp\htdocs\goa\system\library\template\html.php(25) : eval()'d code on line 369
2019-08-27 15:54:49 - PHP Notice: Undefined variable: edit in E:\xampp\htdocs\goa\system\library\template\html.php(25) : eval()'d code on line 148
2019-08-27 15:54:50 - PHP Notice: Undefined variable: language in E:\xampp\htdocs\goa\system\library\template\html.php(25) : eval()'d code on line 75
2019-08-27 15:56:23 - PHP Notice: Undefined variable: language in E:\xampp\htdocs\goa\system\library\template\html.php(25) : eval()'d code on line 75
2019-08-27 15:56:33 - PHP Notice: Undefined index: user_token in E:\xampp\htdocs\goa\admin\controller\project\project.php on line 97
2019-08-27 15:56:33 - PHP Notice: Undefined index: user_token in E:\xampp\htdocs\goa\admin\controller\project\project.php on line 102
2019-08-27 15:56:33 - PHP Notice: Undefined index: user_token in E:\xampp\htdocs\goa\admin\controller\project\project.php on line 105
2019-08-27 15:56:33 - PHP Notice: Undefined index: user_token in E:\xampp\htdocs\goa\admin\controller\project\project.php on line 106
2019-08-27 15:56:33 - PHP Notice: Undefined variable: column_name in E:\xampp\htdocs\goa\system\library\template\html.php(25) : eval()'d code on line 83
2019-08-27 15:56:33 - PHP Notice: Undefined variable: column_email in E:\xampp\htdocs\goa\system\library\template\html.php(25) : eval()'d code on line 84
2019-08-27 15:56:33 - PHP Notice: Undefined variable: column_group in E:\xampp\htdocs\goa\system\library\template\html.php(25) : eval()'d code on line 85
2019-08-27 15:56:33 - PHP Notice: Undefined variable: column_telephone in E:\xampp\htdocs\goa\system\library\template\html.php(25) : eval()'d code on line 86
2019-08-27 15:56:33 - PHP Notice: Undefined variable: column_fax in E:\xampp\htdocs\goa\system\library\template\html.php(25) : eval()'d code on line 87
2019-08-27 15:56:33 - PHP Notice: Undefined variable: column_date_added in E:\xampp\htdocs\goa\system\library\template\html.php(25) : eval()'d code on line 88
2019-08-27 15:56:33 - PHP Notice: Undefined variable: edit in E:\xampp\htdocs\goa\system\library\template\html.php(25) : eval()'d code on line 151
2019-08-27 15:57:40 - PHP Notice: Undefined variable: column_name in E:\xampp\htdocs\goa\system\library\template\html.php(25) : eval()'d code on line 83
2019-08-27 15:57:40 - PHP Notice: Undefined variable: column_email in E:\xampp\htdocs\goa\system\library\template\html.php(25) : eval()'d code on line 84
2019-08-27 15:57:40 - PHP Notice: Undefined variable: column_group in E:\xampp\htdocs\goa\system\library\template\html.php(25) : eval()'d code on line 85
2019-08-27 15:57:40 - PHP Notice: Undefined variable: column_telephone in E:\xampp\htdocs\goa\system\library\template\html.php(25) : eval()'d code on line 86
2019-08-27 15:57:40 - PHP Notice: Undefined variable: column_fax in E:\xampp\htdocs\goa\system\library\template\html.php(25) : eval()'d code on line 87
2019-08-27 15:57:40 - PHP Notice: Undefined variable: column_date_added in E:\xampp\htdocs\goa\system\library\template\html.php(25) : eval()'d code on line 88
2019-08-27 15:57:40 - PHP Notice: Undefined variable: edit in E:\xampp\htdocs\goa\system\library\template\html.php(25) : eval()'d code on line 151
2019-08-27 15:59:06 - PHP Notice: Undefined variable: edit in E:\xampp\htdocs\goa\system\library\template\html.php(25) : eval()'d code on line 148
2019-08-27 16:00:54 - PHP Notice: Undefined variable: edit in E:\xampp\htdocs\goa\system\library\template\html.php(25) : eval()'d code on line 148
2019-08-27 16:00:55 - PHP Notice: Undefined variable: language in E:\xampp\htdocs\goa\system\library\template\html.php(25) : eval()'d code on line 75
2019-08-27 16:29:34 - PHP Notice: Undefined variable: edit in E:\xampp\htdocs\goa\system\library\template\html.php(25) : eval()'d code on line 148
2019-08-27 16:29:36 - PHP Notice: Undefined variable: language in E:\xampp\htdocs\goa\system\library\template\html.php(25) : eval()'d code on line 75
2019-08-27 16:34:43 - PHP Notice: Undefined variable: warning_err in E:\xampp\htdocs\goa\system\library\template\html.php(25) : eval()'d code on line 35
2019-08-27 16:34:54 - PHP Notice: Undefined variable: edit in E:\xampp\htdocs\goa\system\library\template\html.php(25) : eval()'d code on line 369
2019-08-27 16:35:06 - PHP Notice: Undefined variable: edit in E:\xampp\htdocs\goa\system\library\template\html.php(25) : eval()'d code on line 369
2019-08-27 16:35:17 - PHP Notice: Undefined variable: edit in E:\xampp\htdocs\goa\system\library\template\html.php(25) : eval()'d code on line 369
2019-08-27 16:35:34 - PHP Notice: Undefined variable: edit in E:\xampp\htdocs\goa\system\library\template\html.php(25) : eval()'d code on line 369
2019-08-27 16:35:55 - PHP Notice: Undefined variable: edit in E:\xampp\htdocs\goa\system\library\template\html.php(25) : eval()'d code on line 369
2019-08-27 16:35:59 - PHP Notice: Undefined variable: edit in E:\xampp\htdocs\goa\system\library\template\html.php(25) : eval()'d code on line 148
2019-08-27 16:36:01 - PHP Notice: Undefined variable: language in E:\xampp\htdocs\goa\system\library\template\html.php(25) : eval()'d code on line 75
2019-08-27 16:36:36 - PHP Notice: Undefined variable: edit in E:\xampp\htdocs\goa\system\library\template\html.php(25) : eval()'d code on line 148
2019-08-27 16:40:13 - PHP Notice: Undefined variable: warning_err in E:\xampp\htdocs\goa\system\library\template\html.php(25) : eval()'d code on line 35
2019-08-27 16:40:17 - PHP Notice: Undefined variable: warning_err in E:\xampp\htdocs\goa\system\library\template\html.php(25) : eval()'d code on line 35
2019-08-27 16:40:23 - PHP Notice: Undefined variable: warning_err in E:\xampp\htdocs\goa\system\library\template\html.php(25) : eval()'d code on line 35
2019-08-27 16:40:32 - PHP Notice: Undefined variable: edit in E:\xampp\htdocs\goa\system\library\template\html.php(25) : eval()'d code on line 148
2019-08-27 16:40:34 - PHP Notice: Undefined variable: language in E:\xampp\htdocs\goa\system\library\template\html.php(25) : eval()'d code on line 75
2019-08-27 16:41:06 - PHP Notice: Undefined variable: edit in E:\xampp\htdocs\goa\system\library\template\html.php(25) : eval()'d code on line 148
2019-08-27 16:43:58 - PHP Notice: Undefined variable: edit in E:\xampp\htdocs\goa\system\library\template\html.php(25) : eval()'d code on line 148
2019-08-27 16:44:19 - PHP Notice: Undefined variable: edit in E:\xampp\htdocs\goa\system\library\template\html.php(25) : eval()'d code on line 148
2019-08-27 16:45:27 - PHP Notice: Undefined variable: edit in E:\xampp\htdocs\goa\system\library\template\html.php(25) : eval()'d code on line 148
2019-08-27 16:45:28 - PHP Notice: Undefined variable: edit in E:\xampp\htdocs\goa\system\library\template\html.php(25) : eval()'d code on line 148
2019-08-27 16:45:28 - PHP Notice: Undefined variable: edit in E:\xampp\htdocs\goa\system\library\template\html.php(25) : eval()'d code on line 148
2019-08-27 16:45:28 - PHP Notice: Undefined variable: edit in E:\xampp\htdocs\goa\system\library\template\html.php(25) : eval()'d code on line 148
2019-08-27 16:45:28 - PHP Notice: Undefined variable: edit in E:\xampp\htdocs\goa\system\library\template\html.php(25) : eval()'d code on line 148
2019-08-27 16:45:28 - PHP Notice: Undefined variable: edit in E:\xampp\htdocs\goa\system\library\template\html.php(25) : eval()'d code on line 148
2019-08-27 16:45:28 - PHP Notice: Undefined variable: edit in E:\xampp\htdocs\goa\system\library\template\html.php(25) : eval()'d code on line 148
2019-08-27 16:45:28 - PHP Notice: Undefined variable: edit in E:\xampp\htdocs\goa\system\library\template\html.php(25) : eval()'d code on line 148
2019-08-27 16:45:28 - PHP Notice: Undefined variable: edit in E:\xampp\htdocs\goa\system\library\template\html.php(25) : eval()'d code on line 148
2019-08-27 16:45:28 - PHP Notice: Undefined variable: edit in E:\xampp\htdocs\goa\system\library\template\html.php(25) : eval()'d code on line 148
2019-08-27 16:45:28 - PHP Notice: Undefined variable: edit in E:\xampp\htdocs\goa\system\library\template\html.php(25) : eval()'d code on line 148
2019-08-27 16:45:28 - PHP Notice: Undefined variable: edit in E:\xampp\htdocs\goa\system\library\template\html.php(25) : eval()'d code on line 148
2019-08-27 16:45:28 - PHP Notice: Undefined variable: edit in E:\xampp\htdocs\goa\system\library\template\html.php(25) : eval()'d code on line 148
2019-08-27 16:45:28 - PHP Notice: Undefined variable: edit in E:\xampp\htdocs\goa\system\library\template\html.php(25) : eval()'d code on line 148
2019-08-27 16:45:28 - PHP Notice: Undefined variable: edit in E:\xampp\htdocs\goa\system\library\template\html.php(25) : eval()'d code on line 148
2019-08-27 16:45:28 - PHP Notice: Undefined variable: edit in E:\xampp\htdocs\goa\system\library\template\html.php(25) : eval()'d code on line 148
2019-08-27 16:45:28 - PHP Notice: Undefined variable: edit in E:\xampp\htdocs\goa\system\library\template\html.php(25) : eval()'d code on line 148
2019-08-27 16:45:29 - PHP Notice: Undefined variable: edit in E:\xampp\htdocs\goa\system\library\template\html.php(25) : eval()'d code on line 148
2019-08-27 16:45:29 - PHP Notice: Undefined variable: edit in E:\xampp\htdocs\goa\system\library\template\html.php(25) : eval()'d code on line 148
2019-08-27 16:45:29 - PHP Notice: Undefined variable: edit in E:\xampp\htdocs\goa\system\library\template\html.php(25) : eval()'d code on line 148
2019-08-27 16:45:29 - PHP Notice: Undefined variable: edit in E:\xampp\htdocs\goa\system\library\template\html.php(25) : eval()'d code on line 148
2019-08-27 16:45:29 - PHP Notice: Undefined variable: edit in E:\xampp\htdocs\goa\system\library\template\html.php(25) : eval()'d code on line 148
2019-08-27 16:45:29 - PHP Notice: Undefined variable: edit in E:\xampp\htdocs\goa\system\library\template\html.php(25) : eval()'d code on line 148
2019-08-27 16:45:29 - PHP Notice: Undefined variable: edit in E:\xampp\htdocs\goa\system\library\template\html.php(25) : eval()'d code on line 148
2019-08-27 16:45:29 - PHP Notice: Undefined variable: edit in E:\xampp\htdocs\goa\system\library\template\html.php(25) : eval()'d code on line 148
2019-08-27 16:45:29 - PHP Notice: Undefined variable: edit in E:\xampp\htdocs\goa\system\library\template\html.php(25) : eval()'d code on line 148
2019-08-27 16:48:03 - PHP Notice: Undefined variable: language in E:\xampp\htdocs\goa\system\library\template\html.php(25) : eval()'d code on line 75
2019-08-27 16:48:03 - PHP Warning: Use of undefined constant entry_sort_order - assumed 'entry_sort_order' (this will throw an Error in a future version of PHP) in E:\xampp\htdocs\goa\system\library\template\html.php(25) : eval()'d code on line 201
2019-08-27 16:48:03 - PHP Warning: Use of undefined constant entry_sort_order - assumed 'entry_sort_order' (this will throw an Error in a future version of PHP) in E:\xampp\htdocs\goa\system\library\template\html.php(25) : eval()'d code on line 201
2019-08-27 16:53:43 - PHP Notice: Undefined variable: language in E:\xampp\htdocs\goa\system\library\template\html.php(25) : eval()'d code on line 75
2019-08-27 16:55:17 - PHP Notice: Undefined variable: language in E:\xampp\htdocs\goa\system\library\template\html.php(25) : eval()'d code on line 75
2019-08-27 17:06:33 - PHP Notice: Undefined variable: language in E:\xampp\htdocs\goa\system\library\template\html.php(25) : eval()'d code on line 75
2019-08-27 17:06:35 - PHP Notice: Undefined variable: language in E:\xampp\htdocs\goa\system\library\template\html.php(25) : eval()'d code on line 75
2019-08-27 17:06:51 - PHP Notice: Undefined variable: language in E:\xampp\htdocs\goa\system\library\template\html.php(25) : eval()'d code on line 75
2019-08-27 17:06:52 - PHP Notice: Undefined variable: language in E:\xampp\htdocs\goa\system\library\template\html.php(25) : eval()'d code on line 75
2019-08-27 17:06:52 - PHP Notice: Undefined variable: language in E:\xampp\htdocs\goa\system\library\template\html.php(25) : eval()'d code on line 75
2019-08-27 17:06:52 - PHP Notice: Undefined variable: language in E:\xampp\htdocs\goa\system\library\template\html.php(25) : eval()'d code on line 75
2019-08-27 17:06:52 - PHP Notice: Undefined variable: language in E:\xampp\htdocs\goa\system\library\template\html.php(25) : eval()'d code on line 75
2019-08-27 17:06:52 - PHP Notice: Undefined variable: language in E:\xampp\htdocs\goa\system\library\template\html.php(25) : eval()'d code on line 75
2019-08-27 17:06:52 - PHP Notice: Undefined variable: language in E:\xampp\htdocs\goa\system\library\template\html.php(25) : eval()'d code on line 75
2019-08-27 17:06:52 - PHP Notice: Undefined variable: language in E:\xampp\htdocs\goa\system\library\template\html.php(25) : eval()'d code on line 75
2019-08-27 17:06:52 - PHP Notice: Undefined variable: language in E:\xampp\htdocs\goa\system\library\template\html.php(25) : eval()'d code on line 75
2019-08-27 17:06:52 - PHP Notice: Undefined variable: language in E:\xampp\htdocs\goa\system\library\template\html.php(25) : eval()'d code on line 75
2019-08-27 17:06:52 - PHP Notice: Undefined variable: language in E:\xampp\htdocs\goa\system\library\template\html.php(25) : eval()'d code on line 75
2019-08-27 17:06:52 - PHP Notice: Undefined variable: language in E:\xampp\htdocs\goa\system\library\template\html.php(25) : eval()'d code on line 75
2019-08-27 17:06:52 - PHP Notice: Undefined variable: language in E:\xampp\htdocs\goa\system\library\template\html.php(25) : eval()'d code on line 75
2019-08-27 17:06:52 - PHP Notice: Undefined variable: language in E:\xampp\htdocs\goa\system\library\template\html.php(25) : eval()'d code on line 75
